[  222738ms] [ERROR] Warning: A component is changing an uncontrolled input to be controlled. This is likely caused by the value changing from undefined to a defined value, which should not happen. Decide between using a controlled or uncontrolled input element for the lifetime of the component. More info: https://reactjs.org/link/controlled-components%s 
    at input
    at http://localhost:8080/node_modules/.vite/deps/chunk-STOSELFH.js?v=53cc8bbf:476:49
    at div
    at http://localhost:8080/node_modules/.vite/deps/chunk-STOSELFH.js?v=53cc8bbf:476:49
    at InputBase2 (http://localhost:8080/node_modules/.vite/deps/chunk-IJY3QGXT.js?v=53cc8bbf:495:17)
    at OutlinedInput2 (http://localhost:8080/node_modules/.vite/deps/chunk-P2GNGGZO.js?v=53cc8bbf:306:17)
    at div
    at http://localhost:8080/node_modules/.vite/deps/chunk-STOSELFH.js?v=53cc8bbf:476:49
    at FormControl2 (http://localhost:8080/node_modules/.vite/deps/chunk-IKCQHGOZ.js?v=53cc8bbf:122:17)
    at http://localhost:8080/node_modules/.vite/deps/chunk-STOSELFH.js?v=53cc8bbf:476:49
    at TextField2 (http://localhost:8080/node_modules/.vite/deps/chunk-BOA73ILE.js?v=53cc8bbf:114:17)
    at Controller (http://localhost:8080/node_modules/.vite/deps/chunk-LE2DBYVV.js?v=53cc8bbf:304:35)
    at div
    at http://localhost:8080/node_modules/.vite/deps/chunk-STOSELFH.js?v=53cc8bbf:476:49
    at Grid2 (http://localhost:8080/node_modules/.vite/deps/@mui_material.js?v=20f3f6fc:1933:22)
    at div
    at http://localhost:8080/node_modules/.vite/deps/chunk-STOSELFH.js?v=53cc8bbf:476:49
    at Grid2 (http://localhost:8080/node_modules/.vite/deps/@mui_material.js?v=20f3f6fc:1933:22)
    at div
    at http://localhost:8080/node_modules/.vite/deps/chunk-STOSELFH.js?v=53cc8bbf:476:49
    at Paper2 (http://localhost:8080/node_modules/.vite/deps/chunk-CXRPHJLY.js?v=53cc8bbf:125:17)
    at http://localhost:8080/node_modules/.vite/deps/chunk-STOSELFH.js?v=53cc8bbf:476:49
    at Card2 (http://localhost:8080/node_modules/.vite/deps/chunk-OCKPAUZT.js?v=53cc8bbf:91:17)
    at div
    at http://localhost:8080/node_modules/.vite/deps/chunk-STOSELFH.js?v=53cc8bbf:476:49
    at Grid2 (http://localhost:8080/node_modules/.vite/deps/@mui_material.js?v=20f3f6fc:1933:22)
    at div
    at http://localhost:8080/node_modules/.vite/deps/chunk-STOSELFH.js?v=53cc8bbf:476:49
    at Grid2 (http://localhost:8080/node_modules/.vite/deps/@mui_material.js?v=20f3f6fc:1933:22)
    at form
    at ShowIf (http://localhost:8080/src/utils/ui/showIf.tsx:22:26)
    at div
    at http://localhost:8080/node_modules/.vite/deps/chunk-STOSELFH.js?v=53cc8bbf:476:49
    at Container3 (http://localhost:8080/node_modules/.vite/deps/chunk-GOZFLCE2.js?v=53cc8bbf:1929:19)
    at ShowIf (http://localhost:8080/src/utils/ui/showIf.tsx:22:26)
    at div
    at http://localhost:8080/node_modules/.vite/deps/chunk-STOSELFH.js?v=53cc8bbf:476:49
    at Box3 (http://localhost:8080/node_modules/.vite/deps/chunk-GOZFLCE2.js?v=53cc8bbf:578:19)
    at div
    at http://localhost:8080/node_modules/.vite/deps/chunk-STOSELFH.js?v=53cc8bbf:476:49
    at Box3 (http://localhost:8080/node_modules/.vite/deps/chunk-GOZFLCE2.js?v=53cc8bbf:578:19)
    at CustomScreen (http://localhost:8080/src/components/layout/custom-screen/custom-screen.tsx?t=1773277749744:30:40)
    at FormCreateView (http://localhost:8080/src/sections/management/accounts/marketing/forms/views/form-create-view.tsx?t=1773277749744:38:38)
    at FormsCreatePage
    at RenderedRoute (http://localhost:8080/node_modules/.vite/deps/chunk-EYKN5BU5.js?v=53cc8bbf:3535:5)
    at RenderedRoute (http://localhost:8080/node_modules/.vite/deps/chunk-EYKN5BU5.js?v=53cc8bbf:3535:5)
    at Outlet (http://localhost:8080/node_modules/.vite/deps/chunk-EYKN5BU5.js?v=53cc8bbf:3975:26)
    at Suspense
    at RenderedRoute (http://localhost:8080/node_modules/.vite/deps/chunk-EYKN5BU5.js?v=53cc8bbf:3535:5)
    at Outlet (http://localhost:8080/node_modules/.vite/deps/chunk-EYKN5BU5.js?v=53cc8bbf:3975:26)
    at Suspense
    at main
    at http://localhost:8080/node_modules/.vite/deps/chunk-STOSELFH.js?v=53cc8bbf:476:49
    at Box3 (http://localhost:8080/node_modules/.vite/deps/chunk-GOZFLCE2.js?v=53cc8bbf:578:19)
    at Main (http://localhost:8080/src/layouts/management/main.tsx:31:32)
    at div
    at http://localhost:8080/node_modules/.vite/deps/chunk-STOSELFH.js?v=53cc8bbf:476:49
    at Box3 (http://localhost:8080/node_modules/.vite/deps/chunk-GOZFLCE2.js?v=53cc8bbf:578:19)
    at DashboardLayout (http://localhost:8080/src/layouts/management/layout.tsx?t=1773277749744:42:43)
    at AuthGuard (http://localhost:8080/src/auth/guard/auth-guard.tsx:29:37)
    at RenderedRoute (http://localhost:8080/node_modules/.vite/deps/chunk-EYKN5BU5.js?v=53cc8bbf:3535:5)
    at Router (http://localhost:8080/src/routes/sections/index.tsx?t=1773277900398:32:12)
    at AuthConsumer (http://localhost:8080/src/auth/context/jwt/auth-consumer.tsx:25:32)
    at SnackbarProvider2 (http://localhost:8080/node_modules/.vite/deps/notistack.js?v=6ecc2cbc:1232:24)
    at SnackbarProvider (http://localhost:8080/src/components/feedback/snackbar/snackbar-provider.tsx:32:44)
    at div
    at MotionDOMComponent (http://localhost:8080/node_modules/.vite/deps/framer-motion.js?v=62ad0b8e:9008:40)
    at LazyMotion (http://localhost:8080/node_modules/.vite/deps/framer-motion.js?v=62ad0b8e:8204:23)
    at MotionLazy (http://localhost:8080/src/components/utils/animate/motion-lazy.tsx:22:30)
    at RTL (http://localhost:8080/src/theme/options/right-to-left.tsx:28:31)
    at DefaultPropsProvider (http://localhost:8080/node_modules/.vite/deps/chunk-AT3FFK5F.js?v=53cc8bbf:1515:3)
    at RtlProvider (http://localhost:8080/node_modules/.vite/deps/chunk-JCPPDUG6.js?v=53cc8bbf:32:5)
    at ThemeProvider (http://localhost:8080/node_modules/.vite/deps/chunk-GOZFLCE2.js?v=53cc8bbf:912:5)
    at ThemeProvider2 (http://localhost:8080/node_modules/.vite/deps/chunk-GOZFLCE2.js?v=53cc8bbf:1024:5)
    at ThemeProvider (http://localhost:8080/node_modules/.vite/deps/chunk-6VWQMYMU.js?v=53cc8bbf:301:12)
    at ThemeProvider (http://localhost:8080/src/theme/index.tsx:40:41)
    at SettingsProvider (http://localhost:8080/src/components/layout/settings/context/settings-provider.tsx:31:36)
    at LocalizationProvider2 (http://localhost:8080/node_modules/.vite/deps/chunk-AOIVQFLD.js?v=53cc8bbf:39:17)
    at LocalizationProvider (http://localhost:8080/src/providers/localization/localization-provider.tsx:24:48)
    at AuthProvider (http://localhost:8080/src/auth/context/jwt/auth-provider.tsx:105:32)
    at QueryClientProvider (http://localhost:8080/node_modules/.vite/deps/chunk-GNTI4N5Y.js?v=53cc8bbf:2787:3)
    at ErrorBoundary (http://localhost:8080/src/components/utils/errors/error-boundary.tsx:201:9)
    at App
    at Suspense
    at Router (http://localhost:8080/node_modules/.vite/deps/chunk-EYKN5BU5.js?v=53cc8bbf:3982:15)
    at BrowserRouter (http://localhost:8080/node_modules/.vite/deps/react-router-dom.js?v=55057965:547:5)
    at r2 (http://localhost:8080/node_modules/.vite/deps/react-helmet-async.js?v=711f61ed:387:21) @ http://localhost:8080/node_modules/.vite/deps/chunk-QF2P4EEA.js?v=53cc8bbf:520
